"QUERY PLAN"
"Finalize GroupAggregate  (cost=111113.82..149116.26 rows=150000 width=12)"
"  Group Key: customer.c_custkey"
"  ->  Gather Merge  (cost=111113.82..146116.26 rows=300000 width=12)"
"        Workers Planned: 2"
"        ->  Sort  (cost=110113.80..110488.80 rows=150000 width=12)"
"              Sort Key: customer.c_custkey"
"              ->  Partial HashAggregate  (cost=88417.50..94652.34 rows=150000 width=12)"
"                    Group Key: customer.c_custkey"
"                    Planned Partitions: 4"
"                    ->  Parallel Hash Left Join  (cost=44015.25..54326.63 rows=606060 width=8)"
"                          Hash Cond: (customer.c_custkey = orders.o_custkey)"
"                          ->  Parallel Seq Scan on customer  (cost=0.00..4225.00 rows=62500 width=4)"
"                          ->  Parallel Hash  (cost=34071.50..34071.50 rows=606060 width=8)"
"                                ->  Parallel Seq Scan on orders  (cost=0.00..34071.50 rows=606060 width=8)"
"                                      Filter: ((o_comment)::text !~~ '%pending%packages%'::text)"
